<?xml version="1.0" encoding="utf-8"?><testsuites name="pytest tests"><testsuite name="pytest" errors="0" failures="0" skipped="0" tests="3" time="0.106" timestamp="2025-11-18T08:11:43.348885+01:00" hostname="Admins-MacBook-Air.local"><testcase classname="src.tests.health_test" name="test_health_check" time="0.007" /><testcase classname="src.tests.health_test" name="test_health_check_trailingslash" time="0.002" /><testcase classname="src.tests.meta_test" name="test_endpoint_meta" time="0.002" /></testsuite></testsuites>